  [1m[36mSQL (0.5ms)[0m  [1m SELECT name
 FROM sqlite_master
 WHERE type = 'table' AND NOT name = 'sqlite_sequence'
[0m
  [1m[35mSQL (0.1ms)[0m  select sqlite_version(*)
  [1m[36mSQL (158.8ms)[0m  [1mCREATE TABLE "schema_migrations" ("version" varchar(255) NOT NULL) [0m
  [1m[35mSQL (0.1ms)[0m  PRAGMA index_list("schema_migrations")
  [1m[36mSQL (75.3ms)[0m  [1mCREATE UNIQUE INDEX "unique_schema_migrations" ON "schema_migrations" ("version")[0m
  [1m[35mSQL (0.4ms)[0m   SELECT name
 FROM sqlite_master
 WHERE type = 'table' AND NOT name = 'sqlite_sequence'
  [1m[36mSQL (0.3ms)[0m  [1m SELECT name
 FROM sqlite_master
 WHERE type = 'table' AND NOT name = 'sqlite_sequence'
[0m
  [1m[35mSQL (0.2ms)[0m  SELECT "schema_migrations"."version" FROM "schema_migrations"
Migrating to CreateUsuarios (20110504185536)
  [1m[36mSQL (0.8ms)[0m  [1mCREATE TABLE "usuarios" ("id" INTEGER PRIMARY KEY AUTOINCREMENT NOT NULL, "nombre" varchar(255), "apellido" varchar(255), "pass" varchar(255), "created_at" datetime, "updated_at" datetime) [0m
  [1m[35mSQL (0.2ms)[0m  INSERT INTO "schema_migrations" ("version") VALUES ('20110504185536')
Migrating to CreateCategoria (20110504185603)
  [1m[36mSQL (0.4ms)[0m  [1mCREATE TABLE "categoria" ("id" INTEGER PRIMARY KEY AUTOINCREMENT NOT NULL, "nombre" varchar(255), "created_at" datetime, "updated_at" datetime) [0m
  [1m[35mSQL (0.1ms)[0m  INSERT INTO "schema_migrations" ("version") VALUES ('20110504185603')
Migrating to CreatePosts (20110504185948)
  [1m[36mSQL (0.5ms)[0m  [1mCREATE TABLE "posts" ("id" INTEGER PRIMARY KEY AUTOINCREMENT NOT NULL, "titulo" varchar(255), "cuerpo" text, "categoria_id" integer, "created_at" datetime, "updated_at" datetime) [0m
  [1m[35mSQL (0.1ms)[0m  INSERT INTO "schema_migrations" ("version") VALUES ('20110504185948')
Migrating to CreateComentarios (20110504190101)
  [1m[36mSQL (0.4ms)[0m  [1mCREATE TABLE "comentarios" ("id" INTEGER PRIMARY KEY AUTOINCREMENT NOT NULL, "titulo" varchar(255), "cuerpo" varchar(255), "post_id" integer, "usuario_id" integer, "created_at" datetime, "updated_at" datetime) [0m
  [1m[35mSQL (0.1ms)[0m  INSERT INTO "schema_migrations" ("version") VALUES ('20110504190101')
  [1m[36mSQL (0.4ms)[0m  [1m SELECT name
 FROM sqlite_master
 WHERE type = 'table' AND NOT name = 'sqlite_sequence'
[0m
  [1m[35mSQL (0.3ms)[0m  SELECT "schema_migrations"."version" FROM "schema_migrations"
  [1m[36mSQL (0.3ms)[0m  [1m SELECT name
 FROM sqlite_master
 WHERE type = 'table' AND NOT name = 'sqlite_sequence'
[0m
  [1m[35mSQL (0.1ms)[0m  PRAGMA index_list("categoria")
  [1m[36mSQL (0.1ms)[0m  [1mPRAGMA index_list("comentarios")[0m
  [1m[35mSQL (0.1ms)[0m  PRAGMA index_list("posts")
  [1m[36mSQL (0.0ms)[0m  [1mPRAGMA index_list("usuarios")[0m


Started GET "/categorias" for 127.0.0.1 at Wed May 04 16:17:14 -0300 2011

ActionController::RoutingError (No route matches "/categorias"):
  

Rendered /usr/lib/ruby/gems/1.8/gems/actionpack-3.0.7/lib/action_dispatch/middleware/templates/rescues/routing_error.erb within rescues/layout (1.2ms)


Started GET "/categoria" for 127.0.0.1 at Wed May 04 16:17:16 -0300 2011
  Processing by CategoriaController#index as HTML
  [1m[36mCategorium Load (0.7ms)[0m  [1mSELECT "categoria".* FROM "categoria"[0m
Rendered categoria/index.html.erb within layouts/application (3.7ms)
Completed 200 OK in 164ms (Views: 25.5ms | ActiveRecord: 0.7ms)


Started GET "/categoria/new" for 127.0.0.1 at Wed May 04 16:17:24 -0300 2011
  Processing by CategoriaController#new as HTML
Rendered categoria/_form.html.erb (64.2ms)
Rendered categoria/new.html.erb within layouts/application (68.9ms)
Completed 200 OK in 81ms (Views: 74.5ms | ActiveRecord: 0.0ms)


Started GET "/categoria" for 127.0.0.1 at Wed May 04 16:17:27 -0300 2011
  Processing by CategoriaController#index as HTML
  [1m[35mCategorium Load (0.4ms)[0m  SELECT "categoria".* FROM "categoria"
Rendered categoria/index.html.erb within layouts/application (3.2ms)
Completed 200 OK in 15ms (Views: 8.7ms | ActiveRecord: 0.4ms)


Started GET "/usuario" for 127.0.0.1 at Wed May 04 16:17:36 -0300 2011

ActionController::RoutingError (No route matches "/usuario"):
  

Rendered /usr/lib/ruby/gems/1.8/gems/actionpack-3.0.7/lib/action_dispatch/middleware/templates/rescues/routing_error.erb within rescues/layout (1.0ms)


Started GET "/usuarios" for 127.0.0.1 at Wed May 04 16:17:39 -0300 2011
  Processing by UsuariosController#index as HTML
  [1m[36mUsuario Load (1.3ms)[0m  [1mSELECT "usuarios".* FROM "usuarios"[0m
Rendered usuarios/index.html.erb within layouts/application (4.2ms)
Completed 200 OK in 93ms (Views: 11.1ms | ActiveRecord: 1.3ms)


Started GET "/posts" for 127.0.0.1 at Wed May 04 16:17:51 -0300 2011
  Processing by PostsController#index as HTML
  [1m[35mPost Load (0.5ms)[0m  SELECT "posts".* FROM "posts"
Rendered posts/index.html.erb within layouts/application (3.3ms)
Completed 200 OK in 16ms (Views: 9.4ms | ActiveRecord: 0.5ms)


Started GET "/comments" for 127.0.0.1 at Wed May 04 16:17:55 -0300 2011

ActionController::RoutingError (No route matches "/comments"):
  

Rendered /usr/lib/ruby/gems/1.8/gems/actionpack-3.0.7/lib/action_dispatch/middleware/templates/rescues/routing_error.erb within rescues/layout (0.9ms)


Started GET "/comits" for 127.0.0.1 at Wed May 04 16:17:59 -0300 2011

ActionController::RoutingError (No route matches "/comits"):
  

Rendered /usr/lib/ruby/gems/1.8/gems/actionpack-3.0.7/lib/action_dispatch/middleware/templates/rescues/routing_error.erb within rescues/layout (1.2ms)


Started GET "/coments" for 127.0.0.1 at Wed May 04 16:18:04 -0300 2011

ActionController::RoutingError (No route matches "/coments"):
  

Rendered /usr/lib/ruby/gems/1.8/gems/actionpack-3.0.7/lib/action_dispatch/middleware/templates/rescues/routing_error.erb within rescues/layout (1.1ms)


Started GET "/coment" for 127.0.0.1 at Wed May 04 16:18:05 -0300 2011

ActionController::RoutingError (No route matches "/coment"):
  

Rendered /usr/lib/ruby/gems/1.8/gems/actionpack-3.0.7/lib/action_dispatch/middleware/templates/rescues/routing_error.erb within rescues/layout (1.1ms)


Started GET "/comentario" for 127.0.0.1 at Wed May 04 16:18:45 -0300 2011

ActionController::RoutingError (No route matches "/comentario"):
  

Rendered /usr/lib/ruby/gems/1.8/gems/actionpack-3.0.7/lib/action_dispatch/middleware/templates/rescues/routing_error.erb within rescues/layout (1.2ms)


Started GET "/comentarios" for 127.0.0.1 at Wed May 04 16:18:46 -0300 2011
  Processing by ComentariosController#index as HTML
  [1m[36mComentario Load (0.5ms)[0m  [1mSELECT "comentarios".* FROM "comentarios"[0m
Rendered comentarios/index.html.erb within layouts/application (3.6ms)
Completed 200 OK in 17ms (Views: 9.6ms | ActiveRecord: 0.5ms)
  [1m[36mSQL (0.3ms)[0m  [1m SELECT name
 FROM sqlite_master
 WHERE type = 'table' AND NOT name = 'sqlite_sequence'
[0m
  [1m[35mSQL (0.1ms)[0m  select sqlite_version(*)
  [1m[36mSQL (120.7ms)[0m  [1mCREATE TABLE "schema_migrations" ("version" varchar(255) NOT NULL) [0m
  [1m[35mSQL (0.0ms)[0m  PRAGMA index_list("schema_migrations")
  [1m[36mSQL (62.5ms)[0m  [1mCREATE UNIQUE INDEX "unique_schema_migrations" ON "schema_migrations" ("version")[0m
  [1m[35mSQL (0.2ms)[0m   SELECT name
 FROM sqlite_master
 WHERE type = 'table' AND NOT name = 'sqlite_sequence'
  [1m[36mSQL (0.2ms)[0m  [1m SELECT name
 FROM sqlite_master
 WHERE type = 'table' AND NOT name = 'sqlite_sequence'
[0m
  [1m[35mSQL (0.1ms)[0m  SELECT "schema_migrations"."version" FROM "schema_migrations"
Migrating to CreateUsuarios (20110504185536)
  [1m[36mSQL (0.5ms)[0m  [1mCREATE TABLE "usuarios" ("id" INTEGER PRIMARY KEY AUTOINCREMENT NOT NULL, "nombre" varchar(255), "apellido" varchar(255), "pass" varchar(255), "created_at" datetime, "updated_at" datetime) [0m
  [1m[35mSQL (0.1ms)[0m  INSERT INTO "schema_migrations" ("version") VALUES ('20110504185536')
Migrating to CreateCategoria (20110504185603)
  [1m[36mSQL (0.4ms)[0m  [1mCREATE TABLE "categoria" ("id" INTEGER PRIMARY KEY AUTOINCREMENT NOT NULL, "nombre" varchar(255), "created_at" datetime, "updated_at" datetime) [0m
  [1m[35mSQL (0.1ms)[0m  INSERT INTO "schema_migrations" ("version") VALUES ('20110504185603')
Migrating to CreatePosts (20110504185948)
  [1m[36mSQL (0.4ms)[0m  [1mCREATE TABLE "posts" ("id" INTEGER PRIMARY KEY AUTOINCREMENT NOT NULL, "titulo" varchar(255), "cuerpo" text, "categoria_id" integer, "created_at" datetime, "updated_at" datetime) [0m
  [1m[35mSQL (0.1ms)[0m  INSERT INTO "schema_migrations" ("version") VALUES ('20110504185948')
Migrating to CreateComentarios (20110504190101)
  [1m[36mSQL (0.4ms)[0m  [1mCREATE TABLE "comentarios" ("id" INTEGER PRIMARY KEY AUTOINCREMENT NOT NULL, "titulo" varchar(255), "cuerpo" varchar(255), "post_id" integer, "usuario_id" integer, "created_at" datetime, "updated_at" datetime) [0m
  [1m[35mSQL (0.1ms)[0m  INSERT INTO "schema_migrations" ("version") VALUES ('20110504190101')
  [1m[36mSQL (0.3ms)[0m  [1m SELECT name
 FROM sqlite_master
 WHERE type = 'table' AND NOT name = 'sqlite_sequence'
[0m
  [1m[35mSQL (0.2ms)[0m  SELECT "schema_migrations"."version" FROM "schema_migrations"
  [1m[36mSQL (0.2ms)[0m  [1m SELECT name
 FROM sqlite_master
 WHERE type = 'table' AND NOT name = 'sqlite_sequence'
[0m
  [1m[35mSQL (0.1ms)[0m  PRAGMA index_list("categoria")
  [1m[36mSQL (0.1ms)[0m  [1mPRAGMA index_list("comentarios")[0m
  [1m[35mSQL (0.1ms)[0m  PRAGMA index_list("posts")
  [1m[36mSQL (0.1ms)[0m  [1mPRAGMA index_list("usuarios")[0m
  [1m[36mSQL (0.5ms)[0m  [1m SELECT name
 FROM sqlite_master
 WHERE type = 'table' AND NOT name = 'sqlite_sequence'
[0m
  [1m[35mSQL (0.1ms)[0m  select sqlite_version(*)
  [1m[36mSQL (150.3ms)[0m  [1mCREATE TABLE "schema_migrations" ("version" varchar(255) NOT NULL) [0m
  [1m[35mSQL (0.1ms)[0m  PRAGMA index_list("schema_migrations")
  [1m[36mSQL (68.3ms)[0m  [1mCREATE UNIQUE INDEX "unique_schema_migrations" ON "schema_migrations" ("version")[0m
  [1m[35mSQL (0.4ms)[0m   SELECT name
 FROM sqlite_master
 WHERE type = 'table' AND NOT name = 'sqlite_sequence'
  [1m[36mSQL (0.4ms)[0m  [1m SELECT name
 FROM sqlite_master
 WHERE type = 'table' AND NOT name = 'sqlite_sequence'
[0m
  [1m[35mSQL (0.3ms)[0m  SELECT "schema_migrations"."version" FROM "schema_migrations"
Migrating to CreateUsuarios (20110504185536)
  [1m[36mSQL (0.8ms)[0m  [1mCREATE TABLE "usuarios" ("id" INTEGER PRIMARY KEY AUTOINCREMENT NOT NULL, "nombre" varchar(255), "apellido" varchar(255), "pass" varchar(255), "created_at" datetime, "updated_at" datetime) [0m
  [1m[35mSQL (0.2ms)[0m  INSERT INTO "schema_migrations" ("version") VALUES ('20110504185536')
Migrating to CreateCategoria (20110504185603)
  [1m[36mSQL (0.4ms)[0m  [1mCREATE TABLE "categoria" ("id" INTEGER PRIMARY KEY AUTOINCREMENT NOT NULL, "nombre" varchar(255), "created_at" datetime, "updated_at" datetime) [0m
  [1m[35mSQL (0.1ms)[0m  INSERT INTO "schema_migrations" ("version") VALUES ('20110504185603')
Migrating to CreatePosts (20110504185948)
  [1m[36mSQL (0.4ms)[0m  [1mCREATE TABLE "posts" ("id" INTEGER PRIMARY KEY AUTOINCREMENT NOT NULL, "titulo" varchar(255), "cuerpo" text, "categoria_id" integer, "created_at" datetime, "updated_at" datetime) [0m
  [1m[35mSQL (0.1ms)[0m  INSERT INTO "schema_migrations" ("version") VALUES ('20110504185948')
Migrating to CreateComentarios (20110504190101)
  [1m[36mSQL (0.5ms)[0m  [1mCREATE TABLE "comentarios" ("id" INTEGER PRIMARY KEY AUTOINCREMENT NOT NULL, "titulo" varchar(255), "cuerpo" varchar(255), "post_id" integer, "usuario_id" integer, "created_at" datetime, "updated_at" datetime) [0m
  [1m[35mSQL (0.1ms)[0m  INSERT INTO "schema_migrations" ("version") VALUES ('20110504190101')
  [1m[36mSQL (0.4ms)[0m  [1m SELECT name
 FROM sqlite_master
 WHERE type = 'table' AND NOT name = 'sqlite_sequence'
[0m
  [1m[35mSQL (0.3ms)[0m  SELECT "schema_migrations"."version" FROM "schema_migrations"
  [1m[36mSQL (0.3ms)[0m  [1m SELECT name
 FROM sqlite_master
 WHERE type = 'table' AND NOT name = 'sqlite_sequence'
[0m
  [1m[35mSQL (0.1ms)[0m  PRAGMA index_list("categoria")
  [1m[36mSQL (0.1ms)[0m  [1mPRAGMA index_list("comentarios")[0m
  [1m[35mSQL (0.1ms)[0m  PRAGMA index_list("posts")
  [1m[36mSQL (0.1ms)[0m  [1mPRAGMA index_list("usuarios")[0m


Started GET "/categoria" for 127.0.0.1 at Fri May 06 18:22:01 -0300 2011
  Processing by CategoriaController#index as HTML
  [1m[36mCategorium Load (0.7ms)[0m  [1mSELECT "categoria".* FROM "categoria"[0m
Rendered categoria/index.html.erb within layouts/application (77.7ms)
Completed   in 158ms

ActionView::Template::Error (No such file or directory - Asset file not found at '/home/edster/Documentos/dovedeath/public/stylesheets/web-app-theme/base.css'):
    2: <html>
    3: <head>
    4:   <title>Web App</title>
    5:   <%= stylesheet_link_tag "web-app-theme/base", "web-app-theme/themes/djime-cerulean/style", "web-app-theme/override", :cache => true %>
    6:   <%= javascript_include_tag :defaults, :cache => true %>
    7:   <%= csrf_meta_tag %>
    8: </head>
  app/views/layouts/application.html.erb:5:in `_app_views_layouts_application_html_erb__585051762_70081299507340_0'
  app/controllers/categoria_controller.rb:7:in `index'

Rendered /usr/lib/ruby/gems/1.8/gems/actionpack-3.0.7/lib/action_dispatch/middleware/templates/rescues/_trace.erb (1.7ms)
Rendered /usr/lib/ruby/gems/1.8/gems/actionpack-3.0.7/lib/action_dispatch/middleware/templates/rescues/_request_and_response.erb (5.3ms)
Rendered /usr/lib/ruby/gems/1.8/gems/actionpack-3.0.7/lib/action_dispatch/middleware/templates/rescues/template_error.erb within rescues/layout (14.6ms)


Started GET "/" for 127.0.0.1 at Sun May 08 09:47:02 -0300 2011

ActionController::RoutingError (No route matches "/"):
  

Rendered /usr/lib/ruby/gems/1.8/gems/actionpack-3.0.7/lib/action_dispatch/middleware/templates/rescues/routing_error.erb within rescues/layout (1.1ms)


Started GET "/" for 127.0.0.1 at Sun May 08 09:47:55 -0300 2011

ActionController::RoutingError (uninitialized constant PostController):
  

Rendered /usr/lib/ruby/gems/1.8/gems/actionpack-3.0.7/lib/action_dispatch/middleware/templates/rescues/routing_error.erb within rescues/layout (1.1ms)


Started GET "/" for 127.0.0.1 at Sun May 08 09:48:32 -0300 2011
  Processing by PostsController#index as HTML
  [1m[36mPost Load (0.7ms)[0m  [1mSELECT "posts".* FROM "posts"[0m
Rendered posts/index.html.erb within layouts/application (31.9ms)
Completed   in 66ms

ActionView::Template::Error (No such file or directory - Asset file not found at '/home/edster/Documentos/dovedeath/public/stylesheets/web-app-theme/base.css'):
    2: <html>
    3: <head>
    4:   <title>Web App</title>
    5:   <%= stylesheet_link_tag "web-app-theme/base", "web-app-theme/themes/djime-cerulean/style", "web-app-theme/override", :cache => true %>
    6:   <%= javascript_include_tag :defaults, :cache => true %>
    7:   <%= csrf_meta_tag %>
    8: </head>
  app/views/layouts/application.html.erb:5:in `_app_views_layouts_application_html_erb__585051762_70349807130340_0'
  app/controllers/posts_controller.rb:7:in `index'

Rendered /usr/lib/ruby/gems/1.8/gems/actionpack-3.0.7/lib/action_dispatch/middleware/templates/rescues/_trace.erb (1.5ms)
Rendered /usr/lib/ruby/gems/1.8/gems/actionpack-3.0.7/lib/action_dispatch/middleware/templates/rescues/_request_and_response.erb (5.4ms)
Rendered /usr/lib/ruby/gems/1.8/gems/actionpack-3.0.7/lib/action_dispatch/middleware/templates/rescues/template_error.erb within rescues/layout (13.5ms)


Started GET "/" for 127.0.0.1 at Sun May 08 09:49:36 -0300 2011
  Processing by PostsController#index as HTML
  [1m[35mPost Load (0.2ms)[0m  SELECT "posts".* FROM "posts"
Rendered posts/index.html.erb within layouts/application (17.3ms)
Completed 200 OK in 29ms (Views: 23.5ms | ActiveRecord: 0.2ms)


Started GET "/usuarios" for 127.0.0.1 at Sun May 08 09:49:41 -0300 2011
  Processing by UsuariosController#index as HTML
  [1m[36mUsuario Load (0.5ms)[0m  [1mSELECT "usuarios".* FROM "usuarios"[0m
Rendered usuarios/index.html.erb within layouts/application (6.6ms)
Completed 200 OK in 94ms (Views: 16.0ms | ActiveRecord: 0.5ms)


Started GET "/categoria" for 127.0.0.1 at Sun May 08 09:50:01 -0300 2011
  Processing by CategoriaController#index as HTML
  [1m[35mCategorium Load (0.4ms)[0m  SELECT "categoria".* FROM "categoria"
Rendered categoria/index.html.erb within layouts/application (6.6ms)
Completed 200 OK in 19ms (Views: 12.5ms | ActiveRecord: 0.4ms)


Started GET "/categorias" for 127.0.0.1 at Sun May 08 09:50:03 -0300 2011

ActionController::RoutingError (No route matches "/categorias"):
  

Rendered /usr/lib/ruby/gems/1.8/gems/actionpack-3.0.7/lib/action_dispatch/middleware/templates/rescues/routing_error.erb within rescues/layout (1.0ms)


Started GET "/categoria" for 127.0.0.1 at Sun May 08 09:50:04 -0300 2011
  Processing by CategoriaController#index as HTML
  [1m[36mCategorium Load (0.5ms)[0m  [1mSELECT "categoria".* FROM "categoria"[0m
Rendered categoria/index.html.erb within layouts/application (6.7ms)
Completed 200 OK in 20ms (Views: 12.9ms | ActiveRecord: 0.5ms)
